0 info it worked if it ends with ok
1 verbose cli [ 'C:\\Program Files\\nodejs\\node.exe',
1 verbose cli   'C:\\Program Files\\nodejs\\node_modules\\npm\\bin\\npm-cli.js',
1 verbose cli   'run',
1 verbose cli   'start' ]
2 info using npm@3.10.8
3 info using node@v6.9.1
4 verbose run-script [ 'prestart', 'start', 'poststart' ]
5 info lifecycle whatsapp-web@1.0.0~prestart: whatsapp-web@1.0.0
6 silly lifecycle whatsapp-web@1.0.0~prestart: no script for prestart, continuing
7 info lifecycle whatsapp-web@1.0.0~start: whatsapp-web@1.0.0
8 verbose lifecycle whatsapp-web@1.0.0~start: unsafe-perm in lifecycle true
9 verbose lifecycle whatsapp-web@1.0.0~start: PATH: C:\Program Files\nodejs\node_modules\npm\bin\node-gyp-bin;C:\Users\fran\Desktop\Informatica\Grado Superior\daw\Desarrollo Web Entorno Cliente\Tema-7\node\whatsapp-web\node_modules\.bin;C:\oraclexe\app\oracle\product\11.2.0\server\bin;C:\PROGRA~2\Borland\CBUILD~1\Bin;C:\PROGRA~2\Borland\CBUILD~1\Projects\Bpl;C:\ProgramData\Oracle\Java\javapath;C:\Program Files (x86)\NVIDIA Corporation\PhysX\Common;C:\Program Files (x86)\Intel\iCLS Client\;C:\Program Files\Intel\iCLS Client\;C:\WINDOWS\system32;C:\WINDOWS;C:\WINDOWS\System32\Wbem;C:\WINDOWS\System32\WindowsPowerShell\v1.0\;C:\Program Files\Intel\Intel(R) Management Engine Components\DAL;C:\Program Files (x86)\Intel\Intel(R) Management Engine Components\DAL;C:\Program Files\Intel\Intel(R) Management Engine Components\IPT;C:\Program Files (x86)\Intel\Intel(R) Management Engine Components\IPT;C:\Program Files\Java\jdk1.8.0_60\bin;C:\TDM-GCC-32\bin;C:\Program Files (x86)\Skype\Phone\;C:\Program Files\nodejs\;C:\ProgramData\ComposerSetup\bin;C:\Program Files\Git\cmd;C:\Users\fran\AppData\Local\Microsoft\WindowsApps;C:\Users\fran\AppData\Roaming\npm;C:\Program Files\nodejs;C:\Users\fran\AppData\Roaming\Composer\vendor\bin;C:\wamp\bin\php\php7.1.1;C:\Program Files\Heroku\bin
10 verbose lifecycle whatsapp-web@1.0.0~start: CWD: C:\Users\fran\Desktop\Informatica\Grado Superior\daw\Desarrollo Web Entorno Cliente\Tema-7\node\whatsapp-web
11 silly lifecycle whatsapp-web@1.0.0~start: Args: [ '/d /s /c', 'nodemon ./server/server.js' ]
12 silly lifecycle whatsapp-web@1.0.0~start: Returned: code: 3221225786  signal: null
13 info lifecycle whatsapp-web@1.0.0~start: Failed to exec start script
14 verbose stack Error: whatsapp-web@1.0.0 start: `nodemon ./server/server.js`
14 verbose stack Exit status 3221225786
14 verbose stack     at EventEmitter.<anonymous> (C:\Program Files\nodejs\node_modules\npm\lib\utils\lifecycle.js:255:16)
14 verbose stack     at emitTwo (events.js:106:13)
14 verbose stack     at EventEmitter.emit (events.js:191:7)
14 verbose stack     at ChildProcess.<anonymous> (C:\Program Files\nodejs\node_modules\npm\lib\utils\spawn.js:40:14)
14 verbose stack     at emitTwo (events.js:106:13)
14 verbose stack     at ChildProcess.emit (events.js:191:7)
14 verbose stack     at maybeClose (internal/child_process.js:877:16)
14 verbose stack     at Process.ChildProcess._handle.onexit (internal/child_process.js:226:5)
15 verbose pkgid whatsapp-web@1.0.0
16 verbose cwd C:\Users\fran\Desktop\Informatica\Grado Superior\daw\Desarrollo Web Entorno Cliente\Tema-7\node\whatsapp-web
17 error Windows_NT 10.0.14393
18 error argv "C:\\Program Files\\nodejs\\node.exe" "C:\\Program Files\\nodejs\\node_modules\\npm\\bin\\npm-cli.js" "run" "start"
19 error node v6.9.1
20 error npm  v3.10.8
21 error code ELIFECYCLE
22 error whatsapp-web@1.0.0 start: `nodemon ./server/server.js`
22 error Exit status 3221225786
23 error Failed at the whatsapp-web@1.0.0 start script 'nodemon ./server/server.js'.
23 error Make sure you have the latest version of node.js and npm installed.
23 error If you do, this is most likely a problem with the whatsapp-web package,
23 error not with npm itself.
23 error Tell the author that this fails on your system:
23 error     nodemon ./server/server.js
23 error You can get information on how to open an issue for this project with:
23 error     npm bugs whatsapp-web
23 error Or if that isn't available, you can get their info via:
23 error     npm owner ls whatsapp-web
23 error There is likely additional logging output above.
24 verbose exit [ 1, true ]
